  Building Custom Rule D:/kpi/coursework-pc/course_pc/CMakeLists.txt
  indexer.cpp
D:\kpi\coursework-pc\course_pc\indexer.cpp(123,46): error C2039: "codecvt_utf8": не является членом "std".
D:\all IDE\visual studio\VC\Tools\MSVC\14.35.32215\include\fstream(26,1): message : см. объявление "std"
D:\kpi\coursework-pc\course_pc\indexer.cpp(123,59): error C2062: тип "wchar_t" не требуется
D:\kpi\coursework-pc\course_pc\indexer.cpp(123,67): error C2059: синтаксическая ошибка: ,
D:\kpi\coursework-pc\course_pc\indexer.cpp(124,38): error C2065: converter: необъявленный идентификатор
D:\kpi\coursework-pc\course_pc\indexer.cpp(129,46): error C2039: "codecvt_utf8": не является членом "std".
D:\all IDE\visual studio\VC\Tools\MSVC\14.35.32215\include\fstream(26,1): message : см. объявление "std"
D:\kpi\coursework-pc\course_pc\indexer.cpp(129,59): error C2062: тип "wchar_t" не требуется
D:\kpi\coursework-pc\course_pc\indexer.cpp(129,67): error C2059: синтаксическая ошибка: ,
D:\kpi\coursework-pc\course_pc\indexer.cpp(130,38): error C2065: converter: необъявленный идентификатор
  thread_pool.cpp
  file_manager.cpp
  main1.cpp
D:\kpi\coursework-pc\course_pc\indexer.cpp(123,46): error C2039: "codecvt_utf8": не является членом "std".
D:\all IDE\visual studio\VC\Tools\MSVC\14.35.32215\include\shared_mutex(29,1): message : см. объявление "std"
D:\kpi\coursework-pc\course_pc\indexer.cpp(123,59): error C2062: тип "wchar_t" не требуется
D:\kpi\coursework-pc\course_pc\indexer.cpp(123,67): error C2059: синтаксическая ошибка: ,
D:\kpi\coursework-pc\course_pc\indexer.cpp(124,38): error C2065: converter: необъявленный идентификатор
D:\kpi\coursework-pc\course_pc\indexer.cpp(129,46): error C2039: "codecvt_utf8": не является членом "std".
D:\all IDE\visual studio\VC\Tools\MSVC\14.35.32215\include\shared_mutex(29,1): message : см. объявление "std"
D:\kpi\coursework-pc\course_pc\indexer.cpp(129,59): error C2062: тип "wchar_t" не требуется
D:\kpi\coursework-pc\course_pc\indexer.cpp(129,67): error C2059: синтаксическая ошибка: ,
D:\kpi\coursework-pc\course_pc\indexer.cpp(130,38): error C2065: converter: необъявленный идентификатор
D:\kpi\coursework-pc\course_pc\main1.cpp(36,13): error C2679: бинарный "==": не найден оператор, принимающий правый операнд типа "std::_Binder<std::_Unforced,SOCKET &,sockaddr *,size_t>" (или приемлемое преобразование отсутствует)
C:\Program Files (x86)\Windows Kits\10\Include\10.0.22621.0\shared\guiddef.h(192,15): message : может быть "bool operator ==(const GUID &,const GUID &)"
D:\all IDE\visual studio\VC\Tools\MSVC\14.35.32215\include\thread(242,36): message : или       "bool std::operator ==(std::thread::id,std::thread::id) noexcept"
C:\Program Files (x86)\Windows Kits\10\Include\10.0.22621.0\shared\guiddef.h(192,15): message : или "bool operator ==(const GUID &,const GUID &)" [синтезированное выражение "y == x"].
D:\all IDE\visual studio\VC\Tools\MSVC\14.35.32215\include\thread(242,36): message : или "bool std::operator ==(std::thread::id,std::thread::id) noexcept" [синтезированное выражение "y == x"].
D:\all IDE\visual studio\VC\Tools\MSVC\14.35.32215\include\functional(1171,17): message : или       "bool std::operator ==(const std::function<_Fty> &,std::nullptr_t) noexcept"
D:\kpi\coursework-pc\course_pc\main1.cpp(36,13): message : 'bool std::operator ==(const std::function<_Fty> &,std::nullptr_t) noexcept': не удалось вывести аргумент шаблон для 'const std::function<_Fty> &' из 'std::_Binder<std::_Unforced,SOCKET &,sockaddr *,size_t>'
D:\all IDE\visual studio\VC\Tools\MSVC\14.35.32215\include\queue(181,17): message : или       "bool std::operator ==(const std::queue<_Ty,_Container> &,const std::queue<_Ty,_Container> &)"
D:\kpi\coursework-pc\course_pc\main1.cpp(36,13): message : 'bool std::operator ==(const std::queue<_Ty,_Container> &,const std::queue<_Ty,_Container> &)': не удалось вывести аргумент шаблон для 'const std::queue<_Ty,_Container> &' из 'std::_Binder<std::_Unforced,SOCKET &,sockaddr *,size_t>'
D:\all IDE\visual studio\VC\Tools\MSVC\14.35.32215\include\deque(1705,17): message : или       "bool std::operator ==(const std::deque<_Ty,_Alloc> &,const std::deque<_Ty,_Alloc> &)"
D:\kpi\coursework-pc\course_pc\main1.cpp(36,13): message : 'bool std::operator ==(const std::deque<_Ty,_Alloc> &,const std::deque<_Ty,_Alloc> &)': не удалось вывести аргумент шаблон для 'const std::deque<_Ty,_Alloc> &' из 'std::_Binder<std::_Unforced,SOCKET &,sockaddr *,size_t>'
D:\all IDE\visual studio\VC\Tools\MSVC\14.35.32215\include\set(423,17): message : или       "bool std::operator ==(const std::multiset<_Kty,_Pr,_Alloc> &,const std::multiset<_Kty,_Pr,_Alloc> &)"
D:\kpi\coursework-pc\course_pc\main1.cpp(36,13): message : 'bool std::operator ==(const std::multiset<_Kty,_Pr,_Alloc> &,const std::multiset<_Kty,_Pr,_Alloc> &)': не удалось вывести аргумент шаблон для 'const std::multiset<_Kty,_Pr,_Alloc> &' из 'std::_Binder<std::_Unforced,SOCKET &,sockaddr *,size_t>'
D:\all IDE\visual studio\VC\Tools\MSVC\14.35.32215\include\set(208,17): message : или       "bool std::operator ==(const std::set<_Kty,_Pr,_Alloc> &,const std::set<_Kty,_Pr,_Alloc> &)"
D:\kpi\coursework-pc\course_pc\main1.cpp(36,13): message : 'bool std::operator ==(const std::set<_Kty,_Pr,_Alloc> &,const std::set<_Kty,_Pr,_Alloc> &)': не удалось вывести аргумент шаблон для 'const std::set<_Kty,_Pr,_Alloc> &' из 'std::_Binder<std::_Unforced,SOCKET &,sockaddr *,size_t>'
D:\all IDE\visual studio\VC\Tools\MSVC\14.35.32215\include\unordered_map(908,17): message : или       "bool std::operator ==(const std::unordered_multimap<_Kty,_Ty,_Hasher,_Keyeq,_Alloc> &,const std::unordered_multimap<_Kty,_Ty,_Hasher,_Keyeq,_Alloc> &)"
D:\kpi\coursework-pc\course_pc\main1.cpp(36,13): message : 'bool std::operator ==(const std::unordered_multimap<_Kty,_Ty,_Hasher,_Keyeq,_Alloc> &,const std::unordered_multimap<_Kty,_Ty,_Hasher,_Keyeq,_Alloc> &)': не удалось вывести аргумент шаблон для 'const std::unordered_multimap<_Kty,_Ty,_Hasher,_Keyeq,_Alloc> &' из 'std::_Binder<std::_Unforced,SOCKET &,sockaddr *,size_t>'
D:\all IDE\visual studio\VC\Tools\MSVC\14.35.32215\include\unordered_map(539,17): message : или       "bool std::operator ==(const std::unordered_map<_Kty,_Ty,_Hasher,_Keyeq,_Alloc> &,const std::unordered_map<_Kty,_Ty,_Hasher,_Keyeq,_Alloc> &)"
D:\kpi\coursework-pc\course_pc\main1.cpp(36,13): message : 'bool std::operator ==(const std::unordered_map<_Kty,_Ty,_Hasher,_Keyeq,_Alloc> &,const std::unordered_map<_Kty,_Ty,_Hasher,_Keyeq,_Alloc> &)': не удалось вывести аргумент шаблон для 'const std::unordered_map<_Kty,_Ty,_Hasher,_Keyeq,_Alloc> &' из 'std::_Binder<std::_Unforced,SOCKET &,sockaddr *,size_t>'
D:\all IDE\visual studio\VC\Tools\MSVC\14.35.32215\include\list(1873,17): message : или       "bool std::operator ==(const std::list<_Ty,_Alloc> &,const std::list<_Ty,_Alloc> &)"
D:\kpi\coursework-pc\course_pc\main1.cpp(36,13): message : 'bool std::operator ==(const std::list<_Ty,_Alloc> &,const std::list<_Ty,_Alloc> &)': не удалось вывести аргумент шаблон для 'const std::list<_Ty,_Alloc> &' из 'std::_Binder<std::_Unforced,SOCKET &,sockaddr *,size_t>'
D:\all IDE\visual studio\VC\Tools\MSVC\14.35.32215\include\forward_list(1570,17): message : или       "bool std::operator ==(const std::forward_list<_Ty,_Alloc> &,const std::forward_list<_Ty,_Alloc> &)"
D:\kpi\coursework-pc\course_pc\main1.cpp(36,13): message : 'bool std::operator ==(const std::forward_list<_Ty,_Alloc> &,const std::forward_list<_Ty,_Alloc> &)': не удалось вывести аргумент шаблон для 'const std::forward_list<_Ty,_Alloc> &' из 'std::_Binder<std::_Unforced,SOCKET &,sockaddr *,size_t>'
D:\all IDE\visual studio\VC\Tools\MSVC\14.35.32215\include\regex(1136,17): message : или       "bool std::operator ==(const std::match_results<_BidIt,_Alloc> &,const std::match_results<_BidIt,_Alloc> &)"
D:\kpi\coursework-pc\course_pc\main1.cpp(36,13): message : 'bool std::operator ==(const std::match_results<_BidIt,_Alloc> &,const std::match_results<_BidIt,_Alloc> &)': не удалось вывести аргумент шаблон для 'const std::match_results<_BidIt,_Alloc> &' из 'std::_Binder<std::_Unforced,SOCKET &,sockaddr *,size_t>'
D:\all IDE\visual studio\VC\Tools\MSVC\14.35.32215\include\regex(869,17): message : или       "bool std::operator ==(const std::sub_match<_BidIt> &,const std::basic_string<conditional_t<std::_Is_from_primary<std::iterator_traits<remove_cv<remove_reference<_Ty>::type>::type>>,std::indirectly_readable_traits<remove_cv<remove_reference<_Ty>::type>::type>,std::iterator_traits<remove_cv<remove_reference<_Ty>::type>::type>>::value_type,_Traits,_Alloc> &)"
D:\kpi\coursework-pc\course_pc\main1.cpp(36,13): message : 'bool std::operator ==(const std::sub_match<_BidIt> &,const std::basic_string<conditional_t<std::_Is_from_primary<std::iterator_traits<remove_cv<remove_reference<_Ty>::type>::type>>,std::indirectly_readable_traits<remove_cv<remove_reference<_Ty>::type>::type>,std::iterator_traits<remove_cv<remove_reference<_Ty>::type>::type>>::value_type,_Traits,_Alloc> &)': не удалось вывести аргумент шаблон для 'const std::sub_match<_BidIt> &' из 'std::_Binder<std::_Unforced,SOCKET &,sockaddr *,size_t>'
D:\all IDE\visual studio\VC\Tools\MSVC\14.35.32215\include\regex(801,17): message : или       "bool std::operator ==(const std::sub_match<_BidIt> &,const conditional_t<std::_Is_from_primary<std::iterator_traits<remove_cv<remove_reference<_Ty>::type>::type>>,std::indirectly_readable_traits<remove_cv<remove_reference<_Ty>::type>::type>,std::iterator_traits<remove_cv<remove_reference<_Ty>::type>::type>>::value_type &)"
D:\kpi\coursework-pc\course_pc\main1.cpp(36,13): message : 'bool std::operator ==(const std::sub_match<_BidIt> &,const conditional_t<std::_Is_from_primary<std::iterator_traits<remove_cv<remove_reference<_Ty>::type>::type>>,std::indirectly_readable_traits<remove_cv<remove_reference<_Ty>::type>::type>,std::iterator_traits<remove_cv<remove_reference<_Ty>::type>::type>>::value_type &)': не удалось вывести аргумент шаблон для 'const std::sub_match<_BidIt> &' из 'std::_Binder<std::_Unforced,SOCKET &,sockaddr *,size_t>'
D:\all IDE\visual studio\VC\Tools\MSVC\14.35.32215\include\regex(734,17): message : или       "bool std::operator ==(const std::sub_match<_BidIt> &,const conditional_t<std::_Is_from_primary<std::iterator_traits<remove_cv<remove_reference<_Ty>::type>::type>>,std::indirectly_readable_traits<remove_cv<remove_reference<_Ty>::type>::type>,std::iterator_traits<remove_cv<remove_reference<_Ty>::type>::type>>::value_type *)"
D:\kpi\coursework-pc\course_pc\main1.cpp(36,13): message : 'bool std::operator ==(const std::sub_match<_BidIt> &,const conditional_t<std::_Is_from_primary<std::iterator_traits<remove_cv<remove_reference<_Ty>::type>::type>>,std::indirectly_readable_traits<remove_cv<remove_reference<_Ty>::type>::type>,std::iterator_traits<remove_cv<remove_reference<_Ty>::type>::type>>::value_type *)': не удалось вывести аргумент шаблон для 'const std::sub_match<_BidIt> &' из 'std::_Binder<std::_Unforced,SOCKET &,sockaddr *,size_t>'
D:\all IDE\visual studio\VC\Tools\MSVC\14.35.32215\include\regex(697,17): message : или       "bool std::operator ==(const std::sub_match<_BidIt> &,const std::sub_match<_BidIt> &)"
D:\kpi\coursework-pc\course_pc\main1.cpp(36,13): message : 'bool std::operator ==(const std::sub_match<_BidIt> &,const std::sub_match<_BidIt> &)': не удалось вывести аргумент шаблон для 'const std::sub_match<_BidIt> &' из 'std::_Binder<std::_Unforced,SOCKET &,sockaddr *,size_t>'
D:\all IDE\visual studio\VC\Tools\MSVC\14.35.32215\include\optional(833,27): message : или       "bool std::operator ==(const _Ty1 &,const std::optional<_Ty2> &) noexcept(<expr>)"
D:\kpi\coursework-pc\course_pc\main1.cpp(36,13): message : 'bool std::operator ==(const _Ty1 &,const std::optional<_Ty2> &) noexcept(<expr>)': не удалось вывести аргумент шаблон для 'const std::optional<_Ty2> &' из 'int'
D:\all IDE\visual studio\VC\Tools\MSVC\14.35.32215\include\optional(824,27): message : или       "bool std::operator ==(const std::optional<_Ty> &,const _Ty2 &) noexcept(<expr>)"
D:\kpi\coursework-pc\course_pc\main1.cpp(36,13): message : 'bool std::operator ==(const std::optional<_Ty> &,const _Ty2 &) noexcept(<expr>)': не удалось вывести аргумент шаблон для 'const std::optional<_Ty> &' из 'std::_Binder<std::_Unforced,SOCKET &,sockaddr *,size_t>'
D:\all IDE\visual studio\VC\Tools\MSVC\14.35.32215\include\optional(735,27): message : или       "bool std::operator ==(const std::optional<_Ty> &,std::nullopt_t) noexcept"
D:\kpi\coursework-pc\course_pc\main1.cpp(36,13): message : 'bool std::operator ==(const std::optional<_Ty> &,std::nullopt_t) noexcept': не удалось вывести аргумент шаблон для 'const std::optional<_Ty> &' из 'std::_Binder<std::_Unforced,SOCKET &,sockaddr *,size_t>'
D:\all IDE\visual studio\VC\Tools\MSVC\14.35.32215\include\optional(619,27): message : или       "bool std::operator ==(const std::optional<_Ty> &,const std::optional<_Ty2> &) noexcept(<expr>)"
D:\kpi\coursework-pc\course_pc\main1.cpp(36,13): message : 'bool std::operator ==(const std::optional<_Ty> &,const std::optional<_Ty2> &) noexcept(<expr>)': не удалось вывести аргумент шаблон для 'const std::optional<_Ty> &' из 'std::_Binder<std::_Unforced,SOCKET &,sockaddr *,size_t>'
D:\all IDE\visual studio\VC\Tools\MSVC\14.35.32215\include\vector(2284,30): message : или       "bool std::operator ==(const std::vector<_Ty,_Alloc> &,const std::vector<_Ty,_Alloc> &)"
D:\kpi\coursework-pc\course_pc\main1.cpp(36,13): message : 'bool std::operator ==(const std::vector<_Ty,_Alloc> &,const std::vector<_Ty,_Alloc> &)': не удалось вывести аргумент шаблон для 'const std::vector<_Ty,_Alloc> &' из 'std::_Binder<std::_Unforced,SOCKET &,sockaddr *,size_t>'
D:\all IDE\visual studio\VC\Tools\MSVC\14.35.32215\include\memory(3477,30): message : или       "bool std::operator ==(const std::unique_ptr<_Ty,_Dx> &,std::nullptr_t) noexcept"
D:\kpi\coursework-pc\course_pc\main1.cpp(36,13): message : 'bool std::operator ==(const std::unique_ptr<_Ty,_Dx> &,std::nullptr_t) noexcept': не удалось вывести аргумент шаблон для 'const std::unique_ptr<_Ty,_Dx> &' из 'std::_Binder<std::_Unforced,SOCKET &,sockaddr *,size_t>'
D:\all IDE\visual studio\VC\Tools\MSVC\14.35.32215\include\memory(3429,30): message : или       "bool std::operator ==(const std::unique_ptr<_Ty,_Dx> &,const std::unique_ptr<_Ty2,_Dx2> &)"
D:\kpi\coursework-pc\course_pc\main1.cpp(36,13): message : 'bool std::operator ==(const std::unique_ptr<_Ty,_Dx> &,const std::unique_ptr<_Ty2,_Dx2> &)': не удалось вывести аргумент шаблон для 'const std::unique_ptr<_Ty,_Dx> &' из 'std::_Binder<std::_Unforced,SOCKET &,sockaddr *,size_t>'
D:\all IDE\visual studio\VC\Tools\MSVC\14.35.32215\include\memory(1808,17): message : или       "bool std::operator ==(const std::shared_ptr<_Ty> &,std::nullptr_t) noexcept"
D:\kpi\coursework-pc\course_pc\main1.cpp(36,13): message : 'bool std::operator ==(const std::shared_ptr<_Ty> &,std::nullptr_t) noexcept': не удалось вывести аргумент шаблон для 'const std::shared_ptr<_Ty> &' из 'std::_Binder<std::_Unforced,SOCKET &,sockaddr *,size_t>'
D:\all IDE\visual studio\VC\Tools\MSVC\14.35.32215\include\memory(1771,17): message : или       "bool std::operator ==(const std::shared_ptr<_Ty> &,const std::shared_ptr<_Ty0> &) noexcept"
D:\kpi\coursework-pc\course_pc\main1.cpp(36,13): message : 'bool std::operator ==(const std::shared_ptr<_Ty> &,const std::shared_ptr<_Ty0> &) noexcept': не удалось вывести аргумент шаблон для 'const std::shared_ptr<_Ty> &' из 'std::_Binder<std::_Unforced,SOCKET &,sockaddr *,size_t>'
D:\all IDE\visual studio\VC\Tools\MSVC\14.35.32215\include\xstring(5196,30): message : или       "bool std::operator ==(const std::basic_string<_Elem,_Traits,_Alloc> &,const _Elem *const )"
D:\kpi\coursework-pc\course_pc\main1.cpp(36,13): message : 'bool std::operator ==(const std::basic_string<_Elem,_Traits,_Alloc> &,const _Elem *const )': не удалось вывести аргумент шаблон для 'const std::basic_string<_Elem,_Traits,_Alloc> &' из 'std::_Binder<std::_Unforced,SOCKET &,sockaddr *,size_t>'
D:\all IDE\visual studio\VC\Tools\MSVC\14.35.32215\include\xstring(5190,30): message : или       "bool std::operator ==(const std::basic_string<_Elem,_Traits,_Alloc> &,const std::basic_string<_Elem,_Traits,_Alloc> &) noexcept"
D:\kpi\coursework-pc\course_pc\main1.cpp(36,13): message : 'bool std::operator ==(const std::basic_string<_Elem,_Traits,_Alloc> &,const std::basic_string<_Elem,_Traits,_Alloc> &) noexcept': не удалось вывести аргумент шаблон для 'const std::basic_string<_Elem,_Traits,_Alloc> &' из 'std::_Binder<std::_Unforced,SOCKET &,sockaddr *,size_t>'
D:\all IDE\visual studio\VC\Tools\MSVC\14.35.32215\include\xstring(1712,27): message : или       "bool std::operator ==(const std::basic_string_view<_Elem,_Traits>,const _Identity<std::basic_string_view<_Elem,_Traits>>::type) noexcept"
D:\kpi\coursework-pc\course_pc\main1.cpp(36,13): message : 'bool std::operator ==(const std::basic_string_view<_Elem,_Traits>,const _Identity<std::basic_string_view<_Elem,_Traits>>::type) noexcept': не удалось вывести аргумент шаблон для 'const std::basic_string_view<_Elem,_Traits>' из 'std::_Binder<std::_Unforced,SOCKET &,sockaddr *,size_t>'
D:\all IDE\visual studio\VC\Tools\MSVC\14.35.32215\include\xstring(1698,27): message : или       "bool std::operator ==(const std::basic_string_view<_Elem,_Traits>,const std::basic_string_view<_Elem,_Traits>) noexcept"
D:\kpi\coursework-pc\course_pc\main1.cpp(36,13): message : 'bool std::operator ==(const std::basic_string_view<_Elem,_Traits>,const std::basic_string_view<_Elem,_Traits>) noexcept': не удалось вывести аргумент шаблон для 'const std::basic_string_view<_Elem,_Traits>' из 'std::_Binder<std::_Unforced,SOCKET &,sockaddr *,size_t>'
D:\all IDE\visual studio\VC\Tools\MSVC\14.35.32215\include\xmemory(894,30): message : или       "bool std::operator ==(const std::allocator<_Ty> &,const std::allocator<_Other> &) noexcept"
D:\kpi\coursework-pc\course_pc\main1.cpp(36,13): message : 'bool std::operator ==(const std::allocator<_Ty> &,const std::allocator<_Other> &) noexcept': не удалось вывести аргумент шаблон для 'const std::allocator<_Ty> &' из 'std::_Binder<std::_Unforced,SOCKET &,sockaddr *,size_t>'
D:\all IDE\visual studio\VC\Tools\MSVC\14.35.32215\include\tuple(672,27): message : или       "bool std::operator ==(const std::tuple<_Types...> &,const std::tuple<_Types...> &)"
D:\kpi\coursework-pc\course_pc\main1.cpp(36,13): message : 'bool std::operator ==(const std::tuple<_Types...> &,const std::tuple<_Types...> &)': не удалось вывести аргумент шаблон для 'const std::tuple<_Types...> &' из 'std::_Binder<std::_Unforced,SOCKET &,sockaddr *,size_t>'
D:\all IDE\visual studio\VC\Tools\MSVC\14.35.32215\include\iterator(489,17): message : или       "bool std::operator ==(const std::istreambuf_iterator<_Elem,_Traits> &,const std::istreambuf_iterator<_Elem,_Traits> &)"
D:\kpi\coursework-pc\course_pc\main1.cpp(36,13): message : 'bool std::operator ==(const std::istreambuf_iterator<_Elem,_Traits> &,const std::istreambuf_iterator<_Elem,_Traits> &)': не удалось вывести аргумент шаблон для 'const std::istreambuf_iterator<_Elem,_Traits> &' из 'std::_Binder<std::_Unforced,SOCKET &,sockaddr *,size_t>'
D:\all IDE\visual studio\VC\Tools\MSVC\14.35.32215\include\iterator(307,17): message : или       "bool std::operator ==(const std::istream_iterator<_Ty,_Elem,_Traits,_Diff> &,const std::istream_iterator<_Ty,_Elem,_Traits,_Diff> &) noexcept"
D:\kpi\coursework-pc\course_pc\main1.cpp(36,13): message : 'bool std::operator ==(const std::istream_iterator<_Ty,_Elem,_Traits,_Diff> &,const std::istream_iterator<_Ty,_Elem,_Traits,_Diff> &) noexcept': не удалось вывести аргумент шаблон для 'const std::istream_iterator<_Ty,_Elem,_Traits,_Diff> &' из 'std::_Binder<std::_Unforced,SOCKET &,sockaddr *,size_t>'
D:\all IDE\visual studio\VC\Tools\MSVC\14.35.32215\include\xutility(3969,5): message : или       "bool std::operator ==(const std::move_iterator<_Iter> &,const std::move_iterator<_Iter2> &) noexcept(<expr>)"
D:\kpi\coursework-pc\course_pc\main1.cpp(36,13): message : 'bool std::operator ==(const std::move_iterator<_Iter> &,const std::move_iterator<_Iter2> &) noexcept(<expr>)': не удалось вывести аргумент шаблон для 'const std::move_iterator<_Iter> &' из 'std::_Binder<std::_Unforced,SOCKET &,sockaddr *,size_t>'
D:\all IDE\visual studio\VC\Tools\MSVC\14.35.32215\include\xutility(1441,5): message : или       "bool std::operator ==(const std::reverse_iterator<_BidIt> &,const std::reverse_iterator<_BidIt2> &) noexcept(<expr>)"
D:\kpi\coursework-pc\course_pc\main1.cpp(36,13): message : 'bool std::operator ==(const std::reverse_iterator<_BidIt> &,const std::reverse_iterator<_BidIt2> &) noexcept(<expr>)': не удалось вывести аргумент шаблон для 'const std::reverse_iterator<_BidIt> &' из 'std::_Binder<std::_Unforced,SOCKET &,sockaddr *,size_t>'
D:\all IDE\visual studio\VC\Tools\MSVC\14.35.32215\include\utility(367,27): message : или       "bool std::operator ==(const std::pair<_Ty1,_Ty2> &,const std::pair<_Ty1,_Ty2> &)"
D:\kpi\coursework-pc\course_pc\main1.cpp(36,13): message : 'bool std::operator ==(const std::pair<_Ty1,_Ty2> &,const std::pair<_Ty1,_Ty2> &)': не удалось вывести аргумент шаблон для 'const std::pair<_Ty1,_Ty2> &' из 'std::_Binder<std::_Unforced,SOCKET &,sockaddr *,size_t>'
D:\all IDE\visual studio\VC\Tools\MSVC\14.35.32215\include\utility(367,27): message : или "bool std::operator ==(const std::pair<_Ty1,_Ty2> &,const std::pair<_Ty1,_Ty2> &)" [синтезированное выражение "y == x"].
D:\kpi\coursework-pc\course_pc\main1.cpp(36,13): message : 'bool std::operator ==(const std::pair<_Ty1,_Ty2> &,const std::pair<_Ty1,_Ty2> &)': не удалось вывести аргумент шаблон для 'const std::pair<_Ty1,_Ty2> &' из 'int'
D:\all IDE\visual studio\VC\Tools\MSVC\14.35.32215\include\xutility(1441,5): message : или "bool std::operator ==(const std::reverse_iterator<_BidIt> &,const std::reverse_iterator<_BidIt2> &) noexcept(<expr>)" [синтезированное выражение "y == x"].
D:\kpi\coursework-pc\course_pc\main1.cpp(36,13): message : 'bool std::operator ==(const std::reverse_iterator<_BidIt> &,const std::reverse_iterator<_BidIt2> &) noexcept(<expr>)': не удалось вывести аргумент шаблон для 'const std::reverse_iterator<_BidIt> &' из 'int'
D:\all IDE\visual studio\VC\Tools\MSVC\14.35.32215\include\xutility(3969,5): message : или "bool std::operator ==(const std::move_iterator<_Iter> &,const std::move_iterator<_Iter2> &) noexcept(<expr>)" [синтезированное выражение "y == x"].
D:\kpi\coursework-pc\course_pc\main1.cpp(36,13): message : 'bool std::operator ==(const std::move_iterator<_Iter> &,const std::move_iterator<_Iter2> &) noexcept(<expr>)': не удалось вывести аргумент шаблон для 'const std::move_iterator<_Iter> &' из 'int'
D:\all IDE\visual studio\VC\Tools\MSVC\14.35.32215\include\iterator(307,17): message : или "bool std::operator ==(const std::istream_iterator<_Ty,_Elem,_Traits,_Diff> &,const std::istream_iterator<_Ty,_Elem,_Traits,_Diff> &) noexcept" [синтезированное выражение "y == x"].
D:\kpi\coursework-pc\course_pc\main1.cpp(36,13): message : 'bool std::operator ==(const std::istream_iterator<_Ty,_Elem,_Traits,_Diff> &,const std::istream_iterator<_Ty,_Elem,_Traits,_Diff> &) noexcept': не удалось вывести аргумент шаблон для 'const std::istream_iterator<_Ty,_Elem,_Traits,_Diff> &' из 'int'
D:\all IDE\visual studio\VC\Tools\MSVC\14.35.32215\include\iterator(489,17): message : или "bool std::operator ==(const std::istreambuf_iterator<_Elem,_Traits> &,const std::istreambuf_iterator<_Elem,_Traits> &)" [синтезированное выражение "y == x"].
D:\kpi\coursework-pc\course_pc\main1.cpp(36,13): message : 'bool std::operator ==(const std::istreambuf_iterator<_Elem,_Traits> &,const std::istreambuf_iterator<_Elem,_Traits> &)': не удалось вывести аргумент шаблон для 'const std::istreambuf_iterator<_Elem,_Traits> &' из 'int'
D:\all IDE\visual studio\VC\Tools\MSVC\14.35.32215\include\tuple(672,27): message : или "bool std::operator ==(const std::tuple<_Types...> &,const std::tuple<_Types...> &)" [синтезированное выражение "y == x"].
D:\kpi\coursework-pc\course_pc\main1.cpp(36,13): message : 'bool std::operator ==(const std::tuple<_Types...> &,const std::tuple<_Types...> &)': не удалось вывести аргумент шаблон для 'const std::tuple<_Types...> &' из 'int'
D:\all IDE\visual studio\VC\Tools\MSVC\14.35.32215\include\xmemory(894,30): message : или "bool std::operator ==(const std::allocator<_Ty> &,const std::allocator<_Other> &) noexcept" [синтезированное выражение "y == x"].
D:\kpi\coursework-pc\course_pc\main1.cpp(36,13): message : 'bool std::operator ==(const std::allocator<_Ty> &,const std::allocator<_Other> &) noexcept': не удалось вывести аргумент шаблон для 'const std::allocator<_Ty> &' из 'int'
D:\all IDE\visual studio\VC\Tools\MSVC\14.35.32215\include\xstring(1698,27): message : или "bool std::operator ==(const std::basic_string_view<_Elem,_Traits>,const std::basic_string_view<_Elem,_Traits>) noexcept" [синтезированное выражение "y == x"].
D:\kpi\coursework-pc\course_pc\main1.cpp(36,13): message : 'bool std::operator ==(const std::basic_string_view<_Elem,_Traits>,const std::basic_string_view<_Elem,_Traits>) noexcept': не удалось вывести аргумент шаблон для 'const std::basic_string_view<_Elem,_Traits>' из 'int'
D:\all IDE\visual studio\VC\Tools\MSVC\14.35.32215\include\xstring(1712,27): message : или "bool std::operator ==(const std::basic_string_view<_Elem,_Traits>,const _Identity<std::basic_string_view<_Elem,_Traits>>::type) noexcept" [синтезированное выражение "y == x"].
D:\kpi\coursework-pc\course_pc\main1.cpp(36,13): message : 'bool std::operator ==(const std::basic_string_view<_Elem,_Traits>,const _Identity<std::basic_string_view<_Elem,_Traits>>::type) noexcept': не удалось вывести аргумент шаблон для 'const std::basic_string_view<_Elem,_Traits>' из 'int'
D:\all IDE\visual studio\VC\Tools\MSVC\14.35.32215\include\xstring(5190,30): message : или "bool std::operator ==(const std::basic_string<_Elem,_Traits,_Alloc> &,const std::basic_string<_Elem,_Traits,_Alloc> &) noexcept" [синтезированное выражение "y == x"].
D:\kpi\coursework-pc\course_pc\main1.cpp(36,13): message : 'bool std::operator ==(const std::basic_string<_Elem,_Traits,_Alloc> &,const std::basic_string<_Elem,_Traits,_Alloc> &) noexcept': не удалось вывести аргумент шаблон для 'const std::basic_string<_Elem,_Traits,_Alloc> &' из 'int'
D:\all IDE\visual studio\VC\Tools\MSVC\14.35.32215\include\xstring(5196,30): message : или "bool std::operator ==(const std::basic_string<_Elem,_Traits,_Alloc> &,const _Elem *const )" [синтезированное выражение "y == x"].
D:\kpi\coursework-pc\course_pc\main1.cpp(36,13): message : 'bool std::operator ==(const std::basic_string<_Elem,_Traits,_Alloc> &,const _Elem *const )': не удалось вывести аргумент шаблон для 'const std::basic_string<_Elem,_Traits,_Alloc> &' из 'int'
D:\all IDE\visual studio\VC\Tools\MSVC\14.35.32215\include\memory(1771,17): message : или "bool std::operator ==(const std::shared_ptr<_Ty> &,const std::shared_ptr<_Ty0> &) noexcept" [синтезированное выражение "y == x"].
D:\kpi\coursework-pc\course_pc\main1.cpp(36,13): message : 'bool std::operator ==(const std::shared_ptr<_Ty> &,const std::shared_ptr<_Ty0> &) noexcept': не удалось вывести аргумент шаблон для 'const std::shared_ptr<_Ty> &' из 'int'
D:\all IDE\visual studio\VC\Tools\MSVC\14.35.32215\include\memory(1808,17): message : или "bool std::operator ==(const std::shared_ptr<_Ty> &,std::nullptr_t) noexcept" [синтезированное выражение "y == x"].
D:\kpi\coursework-pc\course_pc\main1.cpp(36,13): message : 'bool std::operator ==(const std::shared_ptr<_Ty> &,std::nullptr_t) noexcept': не удалось вывести аргумент шаблон для 'const std::shared_ptr<_Ty> &' из 'int'
D:\all IDE\visual studio\VC\Tools\MSVC\14.35.32215\include\memory(3429,30): message : или "bool std::operator ==(const std::unique_ptr<_Ty,_Dx> &,const std::unique_ptr<_Ty2,_Dx2> &)" [синтезированное выражение "y == x"].
D:\kpi\coursework-pc\course_pc\main1.cpp(36,13): message : 'bool std::operator ==(const std::unique_ptr<_Ty,_Dx> &,const std::unique_ptr<_Ty2,_Dx2> &)': не удалось вывести аргумент шаблон для 'const std::unique_ptr<_Ty,_Dx> &' из 'int'
D:\all IDE\visual studio\VC\Tools\MSVC\14.35.32215\include\memory(3477,30): message : или "bool std::operator ==(const std::unique_ptr<_Ty,_Dx> &,std::nullptr_t) noexcept" [синтезированное выражение "y == x"].
D:\kpi\coursework-pc\course_pc\main1.cpp(36,13): message : 'bool std::operator ==(const std::unique_ptr<_Ty,_Dx> &,std::nullptr_t) noexcept': не удалось вывести аргумент шаблон для 'const std::unique_ptr<_Ty,_Dx> &' из 'int'
D:\all IDE\visual studio\VC\Tools\MSVC\14.35.32215\include\vector(2284,30): message : или "bool std::operator ==(const std::vector<_Ty,_Alloc> &,const std::vector<_Ty,_Alloc> &)" [синтезированное выражение "y == x"].
D:\kpi\coursework-pc\course_pc\main1.cpp(36,13): message : 'bool std::operator ==(const std::vector<_Ty,_Alloc> &,const std::vector<_Ty,_Alloc> &)': не удалось вывести аргумент шаблон для 'const std::vector<_Ty,_Alloc> &' из 'int'
D:\all IDE\visual studio\VC\Tools\MSVC\14.35.32215\include\optional(619,27): message : или "bool std::operator ==(const std::optional<_Ty> &,const std::optional<_Ty2> &) noexcept(<expr>)" [синтезированное выражение "y == x"].
D:\kpi\coursework-pc\course_pc\main1.cpp(36,13): message : 'bool std::operator ==(const std::optional<_Ty> &,const std::optional<_Ty2> &) noexcept(<expr>)': не удалось вывести аргумент шаблон для 'const std::optional<_Ty> &' из 'int'
D:\all IDE\visual studio\VC\Tools\MSVC\14.35.32215\include\optional(735,27): message : или "bool std::operator ==(const std::optional<_Ty> &,std::nullopt_t) noexcept" [синтезированное выражение "y == x"].
D:\kpi\coursework-pc\course_pc\main1.cpp(36,13): message : 'bool std::operator ==(const std::optional<_Ty> &,std::nullopt_t) noexcept': не удалось вывести аргумент шаблон для 'const std::optional<_Ty> &' из 'int'
D:\all IDE\visual studio\VC\Tools\MSVC\14.35.32215\include\optional(824,27): message : или "bool std::operator ==(const std::optional<_Ty> &,const _Ty2 &) noexcept(<expr>)" [синтезированное выражение "y == x"].
D:\kpi\coursework-pc\course_pc\main1.cpp(36,13): message : 'bool std::operator ==(const std::optional<_Ty> &,const _Ty2 &) noexcept(<expr>)': не удалось вывести аргумент шаблон для 'const std::optional<_Ty> &' из 'int'
D:\all IDE\visual studio\VC\Tools\MSVC\14.35.32215\include\optional(833,27): message : или "bool std::operator ==(const _Ty1 &,const std::optional<_Ty2> &) noexcept(<expr>)" [синтезированное выражение "y == x"].
D:\kpi\coursework-pc\course_pc\main1.cpp(36,13): message : 'bool std::operator ==(const _Ty1 &,const std::optional<_Ty2> &) noexcept(<expr>)': не удалось вывести аргумент шаблон для 'const std::optional<_Ty2> &' из 'std::_Binder<std::_Unforced,SOCKET &,sockaddr *,size_t>'
D:\all IDE\visual studio\VC\Tools\MSVC\14.35.32215\include\regex(697,17): message : или "bool std::operator ==(const std::sub_match<_BidIt> &,const std::sub_match<_BidIt> &)" [синтезированное выражение "y == x"].
D:\kpi\coursework-pc\course_pc\main1.cpp(36,13): message : 'bool std::operator ==(const std::sub_match<_BidIt> &,const std::sub_match<_BidIt> &)': не удалось вывести аргумент шаблон для 'const std::sub_match<_BidIt> &' из 'int'
D:\all IDE\visual studio\VC\Tools\MSVC\14.35.32215\include\regex(734,17): message : или "bool std::operator ==(const std::sub_match<_BidIt> &,const conditional_t<std::_Is_from_primary<std::iterator_traits<remove_cv<remove_reference<_Ty>::type>::type>>,std::indirectly_readable_traits<remove_cv<remove_reference<_Ty>::type>::type>,std::iterator_traits<remove_cv<remove_reference<_Ty>::type>::type>>::value_type *)" [синтезированное выражение "y == x"].
D:\kpi\coursework-pc\course_pc\main1.cpp(36,13): message : 'bool std::operator ==(const std::sub_match<_BidIt> &,const conditional_t<std::_Is_from_primary<std::iterator_traits<remove_cv<remove_reference<_Ty>::type>::type>>,std::indirectly_readable_traits<remove_cv<remove_reference<_Ty>::type>::type>,std::iterator_traits<remove_cv<remove_reference<_Ty>::type>::type>>::value_type *)': не удалось вывести аргумент шаблон для 'const std::sub_match<_BidIt> &' из 'int'
D:\all IDE\visual studio\VC\Tools\MSVC\14.35.32215\include\regex(801,17): message : или "bool std::operator ==(const std::sub_match<_BidIt> &,const conditional_t<std::_Is_from_primary<std::iterator_traits<remove_cv<remove_reference<_Ty>::type>::type>>,std::indirectly_readable_traits<remove_cv<remove_reference<_Ty>::type>::type>,std::iterator_traits<remove_cv<remove_reference<_Ty>::type>::type>>::value_type &)" [синтезированное выражение "y == x"].
D:\kpi\coursework-pc\course_pc\main1.cpp(36,13): message : 'bool std::operator ==(const std::sub_match<_BidIt> &,const conditional_t<std::_Is_from_primary<std::iterator_traits<remove_cv<remove_reference<_Ty>::type>::type>>,std::indirectly_readable_traits<remove_cv<remove_reference<_Ty>::type>::type>,std::iterator_traits<remove_cv<remove_reference<_Ty>::type>::type>>::value_type &)': не удалось вывести аргумент шаблон для 'const std::sub_match<_BidIt> &' из 'int'
D:\all IDE\visual studio\VC\Tools\MSVC\14.35.32215\include\regex(869,17): message : или "bool std::operator ==(const std::sub_match<_BidIt> &,const std::basic_string<conditional_t<std::_Is_from_primary<std::iterator_traits<remove_cv<remove_reference<_Ty>::type>::type>>,std::indirectly_readable_traits<remove_cv<remove_reference<_Ty>::type>::type>,std::iterator_traits<remove_cv<remove_reference<_Ty>::type>::type>>::value_type,_Traits,_Alloc> &)" [синтезированное выражение "y == x"].
D:\kpi\coursework-pc\course_pc\main1.cpp(36,13): message : 'bool std::operator ==(const std::sub_match<_BidIt> &,const std::basic_string<conditional_t<std::_Is_from_primary<std::iterator_traits<remove_cv<remove_reference<_Ty>::type>::type>>,std::indirectly_readable_traits<remove_cv<remove_reference<_Ty>::type>::type>,std::iterator_traits<remove_cv<remove_reference<_Ty>::type>::type>>::value_type,_Traits,_Alloc> &)': не удалось вывести аргумент шаблон для 'const std::sub_match<_BidIt> &' из 'int'
D:\all IDE\visual studio\VC\Tools\MSVC\14.35.32215\include\regex(1136,17): message : или "bool std::operator ==(const std::match_results<_BidIt,_Alloc> &,const std::match_results<_BidIt,_Alloc> &)" [синтезированное выражение "y == x"].
D:\kpi\coursework-pc\course_pc\main1.cpp(36,13): message : 'bool std::operator ==(const std::match_results<_BidIt,_Alloc> &,const std::match_results<_BidIt,_Alloc> &)': не удалось вывести аргумент шаблон для 'const std::match_results<_BidIt,_Alloc> &' из 'int'
D:\all IDE\visual studio\VC\Tools\MSVC\14.35.32215\include\forward_list(1570,17): message : или "bool std::operator ==(const std::forward_list<_Ty,_Alloc> &,const std::forward_list<_Ty,_Alloc> &)" [синтезированное выражение "y == x"].
D:\kpi\coursework-pc\course_pc\main1.cpp(36,13): message : 'bool std::operator ==(const std::forward_list<_Ty,_Alloc> &,const std::forward_list<_Ty,_Alloc> &)': не удалось вывести аргумент шаблон для 'const std::forward_list<_Ty,_Alloc> &' из 'int'
D:\all IDE\visual studio\VC\Tools\MSVC\14.35.32215\include\list(1873,17): message : или "bool std::operator ==(const std::list<_Ty,_Alloc> &,const std::list<_Ty,_Alloc> &)" [синтезированное выражение "y == x"].
D:\kpi\coursework-pc\course_pc\main1.cpp(36,13): message : 'bool std::operator ==(const std::list<_Ty,_Alloc> &,const std::list<_Ty,_Alloc> &)': не удалось вывести аргумент шаблон для 'const std::list<_Ty,_Alloc> &' из 'int'
D:\all IDE\visual studio\VC\Tools\MSVC\14.35.32215\include\unordered_map(539,17): message : или "bool std::operator ==(const std::unordered_map<_Kty,_Ty,_Hasher,_Keyeq,_Alloc> &,const std::unordered_map<_Kty,_Ty,_Hasher,_Keyeq,_Alloc> &)" [синтезированное выражение "y == x"].
D:\kpi\coursework-pc\course_pc\main1.cpp(36,13): message : 'bool std::operator ==(const std::unordered_map<_Kty,_Ty,_Hasher,_Keyeq,_Alloc> &,const std::unordered_map<_Kty,_Ty,_Hasher,_Keyeq,_Alloc> &)': не удалось вывести аргумент шаблон для 'const std::unordered_map<_Kty,_Ty,_Hasher,_Keyeq,_Alloc> &' из 'int'
D:\all IDE\visual studio\VC\Tools\MSVC\14.35.32215\include\unordered_map(908,17): message : или "bool std::operator ==(const std::unordered_multimap<_Kty,_Ty,_Hasher,_Keyeq,_Alloc> &,const std::unordered_multimap<_Kty,_Ty,_Hasher,_Keyeq,_Alloc> &)" [синтезированное выражение "y == x"].
D:\kpi\coursework-pc\course_pc\main1.cpp(36,13): message : 'bool std::operator ==(const std::unordered_multimap<_Kty,_Ty,_Hasher,_Keyeq,_Alloc> &,const std::unordered_multimap<_Kty,_Ty,_Hasher,_Keyeq,_Alloc> &)': не удалось вывести аргумент шаблон для 'const std::unordered_multimap<_Kty,_Ty,_Hasher,_Keyeq,_Alloc> &' из 'int'
D:\all IDE\visual studio\VC\Tools\MSVC\14.35.32215\include\set(208,17): message : или "bool std::operator ==(const std::set<_Kty,_Pr,_Alloc> &,const std::set<_Kty,_Pr,_Alloc> &)" [синтезированное выражение "y == x"].
D:\kpi\coursework-pc\course_pc\main1.cpp(36,13): message : 'bool std::operator ==(const std::set<_Kty,_Pr,_Alloc> &,const std::set<_Kty,_Pr,_Alloc> &)': не удалось вывести аргумент шаблон для 'const std::set<_Kty,_Pr,_Alloc> &' из 'int'
D:\all IDE\visual studio\VC\Tools\MSVC\14.35.32215\include\set(423,17): message : или "bool std::operator ==(const std::multiset<_Kty,_Pr,_Alloc> &,const std::multiset<_Kty,_Pr,_Alloc> &)" [синтезированное выражение "y == x"].
D:\kpi\coursework-pc\course_pc\main1.cpp(36,13): message : 'bool std::operator ==(const std::multiset<_Kty,_Pr,_Alloc> &,const std::multiset<_Kty,_Pr,_Alloc> &)': не удалось вывести аргумент шаблон для 'const std::multiset<_Kty,_Pr,_Alloc> &' из 'int'
D:\all IDE\visual studio\VC\Tools\MSVC\14.35.32215\include\deque(1705,17): message : или "bool std::operator ==(const std::deque<_Ty,_Alloc> &,const std::deque<_Ty,_Alloc> &)" [синтезированное выражение "y == x"].
D:\kpi\coursework-pc\course_pc\main1.cpp(36,13): message : 'bool std::operator ==(const std::deque<_Ty,_Alloc> &,const std::deque<_Ty,_Alloc> &)': не удалось вывести аргумент шаблон для 'const std::deque<_Ty,_Alloc> &' из 'int'
D:\all IDE\visual studio\VC\Tools\MSVC\14.35.32215\include\queue(181,17): message : или "bool std::operator ==(const std::queue<_Ty,_Container> &,const std::queue<_Ty,_Container> &)" [синтезированное выражение "y == x"].
D:\kpi\coursework-pc\course_pc\main1.cpp(36,13): message : 'bool std::operator ==(const std::queue<_Ty,_Container> &,const std::queue<_Ty,_Container> &)': не удалось вывести аргумент шаблон для 'const std::queue<_Ty,_Container> &' из 'int'
D:\all IDE\visual studio\VC\Tools\MSVC\14.35.32215\include\functional(1171,17): message : или "bool std::operator ==(const std::function<_Fty> &,std::nullptr_t) noexcept" [синтезированное выражение "y == x"].
D:\kpi\coursework-pc\course_pc\main1.cpp(36,13): message : 'bool std::operator ==(const std::function<_Fty> &,std::nullptr_t) noexcept': не удалось вывести аргумент шаблон для 'const std::function<_Fty> &' из 'int'
D:\kpi\coursework-pc\course_pc\main1.cpp(36,13): message : при попытке сопоставить список аргументов "(std::_Binder<std::_Unforced,SOCKET &,sockaddr *,size_t>, int)"
  Создание кода...
